  intro.cpp
  player.cpp
D:\Github\tictactoe-RL\Tic-tac-toe\player.h(10,15): error C3646: 'pAll': 未知的覆寫規範
D:\Github\tictactoe-RL\Tic-tac-toe\player.h(10,15): error C4430: 遺漏類型規範 - 假設為 int。注意: C++ 不支援 default-int
D:\Github\tictactoe-RL\Tic-tac-toe\player.h(26,19): error C3646: 'GetState': 未知的覆寫規範
D:\Github\tictactoe-RL\Tic-tac-toe\player.h(26,19): error C2059: 語法錯誤: '('
D:\Github\tictactoe-RL\Tic-tac-toe\player.h(26,21): error C2238: 在 ';' 之前有未預期的語彙基元
D:\Github\tictactoe-RL\Tic-tac-toe\player.cpp(13,3): error C2065: 'pAll': 未宣告的識別項
D:\Github\tictactoe-RL\Tic-tac-toe\player.cpp(15,7): error C2065: 'pAll': 未宣告的識別項
D:\Github\tictactoe-RL\Tic-tac-toe\player.cpp(21,12): error C2065: 'pAll': 未宣告的識別項
D:\Github\tictactoe-RL\Tic-tac-toe\player.cpp(27,12): error C2065: 'pAll': 未宣告的識別項
D:\Github\tictactoe-RL\Tic-tac-toe\player.cpp(47,17): error C2039: 'GetState': 不是 'Poker' 的成員
D:\Github\tictactoe-RL\Tic-tac-toe\player.h(6): message : 請參閱 'Poker' 的宣告
D:\Github\tictactoe-RL\Tic-tac-toe\player.cpp(47,25): error C4430: 遺漏類型規範 - 假設為 int。注意: C++ 不支援 default-int
D:\Github\tictactoe-RL\Tic-tac-toe\player.cpp(47,25): error C2146: 語法錯誤: 遺漏 ';' (在識別項 'GetState' 之前)
D:\Github\tictactoe-RL\Tic-tac-toe\player.cpp(47,28): error C2143: 語法錯誤: 遺漏 ';' (在 '{' 之前)
  qval.cpp
D:\Github\tictactoe-RL\Tic-tac-toe\player.cpp(47,28): error C2447: '{': 遺漏函式標頭 (舊樣式型式清單?)
D:\Github\tictactoe-RL\Tic-tac-toe\qval.cpp(22,20): warning C4018: '<': signed/unsigned 不相符
  tictactoe.cpp
  正在產生程式碼...
D:\Github\tictactoe-RL\Tic-tac-toe\qval.cpp(23,26): warning C4244: '+=': 將 'double' 轉換為 'int'，由於類型不同，可能導致資料遺失
